c:\users\yugi9\source\repos\imageprocessing\imageprocessing\x64\debug\vc143.pdb
c:\users\yugi9\source\repos\imageprocessing\imageprocessing\x64\debug\vc143.idb
c:\users\yugi9\source\repos\imageprocessing\imageprocessing\x64\debug\general.obj
c:\users\yugi9\source\repos\imageprocessing\imageprocessing\x64\debug\image.obj
c:\users\yugi9\source\repos\imageprocessing\imageprocessing\x64\debug\bmp.obj
c:\users\yugi9\source\repos\imageprocessing\imageprocessing\x64\debug\main.cu.obj
c:\users\yugi9\source\repos\imageprocessing\x64\debug\imageprocessing.lib
c:\users\yugi9\source\repos\imageprocessing\x64\debug\imageprocessing.exp
c:\users\yugi9\source\repos\imageprocessing\imageprocessing\x64\debug\main.cu.cache
c:\users\yugi9\source\repos\imageprocessing\imageprocessing\x64\debug\test.cu.cache
c:\users\yugi9\source\repos\imageprocessing\x64\debug\imageprocessing.pdb
c:\users\yugi9\source\repos\imageprocessing\imageprocessing\x64\debug\imageprocessing.tlog\cl.command.1.tlog
c:\users\yugi9\source\repos\imageprocessing\imageprocessing\x64\debug\imageprocessing.tlog\cl.read.1.tlog
c:\users\yugi9\source\repos\imageprocessing\imageprocessing\x64\debug\imageprocessing.tlog\cl.write.1.tlog
c:\users\yugi9\source\repos\imageprocessing\imageprocessing\x64\debug\imageprocessing.tlog\cudacompile.read.1u.tlog
c:\users\yugi9\source\repos\imageprocessing\imageprocessing\x64\debug\imageprocessing.tlog\cudacompile.write.1u.tlog
c:\users\yugi9\source\repos\imageprocessing\imageprocessing\x64\debug\imageprocessing.tlog\link.131388-cvtres.read.1.tlog
c:\users\yugi9\source\repos\imageprocessing\imageprocessing\x64\debug\imageprocessing.tlog\link.131388-cvtres.write.1.tlog
c:\users\yugi9\source\repos\imageprocessing\imageprocessing\x64\debug\imageprocessing.tlog\link.131388-rc.read.1.tlog
c:\users\yugi9\source\repos\imageprocessing\imageprocessing\x64\debug\imageprocessing.tlog\link.131388-rc.write.1.tlog
c:\users\yugi9\source\repos\imageprocessing\imageprocessing\x64\debug\imageprocessing.tlog\link.131388.read.1.tlog
c:\users\yugi9\source\repos\imageprocessing\imageprocessing\x64\debug\imageprocessing.tlog\link.131388.read.2.tlog
c:\users\yugi9\source\repos\imageprocessing\imageprocessing\x64\debug\imageprocessing.tlog\link.131388.write.1.tlog
c:\users\yugi9\source\repos\imageprocessing\imageprocessing\x64\debug\imageprocessing.tlog\link.command.1.tlog
c:\users\yugi9\source\repos\imageprocessing\imageprocessing\x64\debug\imageprocessing.tlog\link.read.1.tlog
c:\users\yugi9\source\repos\imageprocessing\imageprocessing\x64\debug\imageprocessing.tlog\link.write.1.tlog
c:\users\yugi9\source\repos\imageprocessing\imageprocessing\x64\debug\imageprocessing.tlog\link.write.2u.tlog
